#
# There is insufficient memory for the Java Runtime Environment to continue.
# Native memory allocation (malloc) failed to allocate 32744 bytes for ChunkPool::allocate
# Possible reasons:
#   The system is out of physical RAM or swap space
#   In 32 bit mode, the process size limit was hit
# Possible solutions:
#   Reduce memory load on the system
#   Increase physical memory or swap space
#   Check if swap backing store is full
#   Use 64 bit Java on a 64 bit OS
#   Decrease Java heap size (-Xmx/-Xms)
#   Decrease number of Java threads
#   Decrease Java thread stack sizes (-Xss)
#   Set larger code cache with -XX:ReservedCodeCacheSize=
# This output file may be truncated or incomplete.
#
#  Out of Memory Error (allocation.cpp:273), pid=5100, tid=1588
#
# JRE version: Java(TM) SE Runtime Environment (8.0_45-b15) (build 1.8.0_45-b15)
# Java VM: Java HotSpot(TM) 64-Bit Server VM (25.45-b02 mixed mode windows-amd64 compressed oops)
# Failed to write core dump. Minidumps are not enabled by default on client versions of Windows
#

---------------  T H R E A D  ---------------

Current thread (0x0000000056743000):  JavaThread "C2 CompilerThread0" daemon [_thread_in_native, id=1588, stack(0x0000000056260000,0x0000000056360000)]

Stack: [0x0000000056260000,0x0000000056360000]
Native frames: (J=compiled Java code, j=interpreted, Vv=VM code, C=native code)
V  [jvm.dll+0x32b57a]


Current CompileTask:
C2:   2954 2042   !   4       com.android.dx.cf.code.BytecodeArray::parseInstruction (2764 bytes)


---------------  P R O C E S S  ---------------

Java Threads: ( => current thread )
  0x0000000056a67800 JavaThread "pool-2-thread-4" [_thread_blocked, id=9584, stack(0x0000000058050000,0x0000000058150000)]
  0x0000000056a42800 JavaThread "pool-2-thread-3" [_thread_blocked, id=4704, stack(0x0000000057db0000,0x0000000057eb0000)]
  0x0000000056a12000 JavaThread "pool-2-thread-2" [_thread_in_vm, id=2548, stack(0x0000000057ee0000,0x0000000057fe0000)]
  0x0000000056a0f000 JavaThread "pool-3-thread-1" [_thread_blocked, id=9768, stack(0x0000000057150000,0x0000000057250000)]
  0x0000000056a0d000 JavaThread "pool-2-thread-1" [_thread_in_vm, id=5700, stack(0x0000000057c60000,0x0000000057d60000)]
  0x00000000567c0000 JavaThread "Service Thread" daemon [_thread_blocked, id=9360, stack(0x0000000057030000,0x0000000057130000)]
  0x0000000056747800 JavaThread "C1 CompilerThread2" daemon [_thread_blocked, id=7856, stack(0x0000000056ec0000,0x0000000056fc0000)]
  0x0000000056746800 JavaThread "C2 CompilerThread1" daemon [_thread_in_native, id=9680, stack(0x0000000002370000,0x0000000002470000)]
=>0x0000000056743000 JavaThread "C2 CompilerThread0" daemon [_thread_in_native, id=1588, stack(0x0000000056260000,0x0000000056360000)]
  0x0000000055224000 JavaThread "Attach Listener" daemon [_thread_blocked, id=8956, stack(0x0000000056cd0000,0x0000000056dd0000)]
  0x0000000055220800 JavaThread "Signal Dispatcher" daemon [_thread_blocked, id=6260, stack(0x0000000056b80000,0x0000000056c80000)]
  0x00000000551cc000 JavaThread "Finalizer" daemon [_thread_blocked, id=6624, stack(0x0000000056640000,0x0000000056740000)]
  0x00000000551c5800 JavaThread "Reference Handler" daemon [_thread_blocked, id=10204, stack(0x0000000056480000,0x0000000056580000)]
  0x0000000001cee800 JavaThread "main" [_thread_blocked, id=9736, stack(0x0000000002470000,0x0000000002570000)]

Other Threads:
  0x00000000551bc000 VMThread [stack: 0x0000000056380000,0x0000000056480000] [id=5524]
  0x00000000567cc000 WatcherThread [stack: 0x0000000057270000,0x0000000057370000] [id=6364]

VM state:not at safepoint (normal execution)

VM Mutex/Monitor currently owned by a thread: None

Heap:
 PSYoungGen      total 138240K, used 50734K [0x00000000eab00000, 0x00000000f3700000, 0x0000000100000000)
  eden space 133120K, 34% used [0x00000000eab00000,0x00000000ed78de38,0x00000000f2d00000)
  from space 5120K, 99% used [0x00000000f2d00000,0x00000000f31fdb98,0x00000000f3200000)
  to   space 5120K, 0% used [0x00000000f3200000,0x00000000f3200000,0x00000000f3700000)
 ParOldGen       total 87552K, used 43358K [0x00000000c0000000, 0x00000000c5580000, 0x00000000eab00000)
  object space 87552K, 49% used [0x00000000c0000000,0x00000000c2a57ab0,0x00000000c5580000)
 Metaspace       used 6467K, capacity 7256K, committed 7424K, reserved 1056768K
  class space    used 613K, capacity 656K, committed 768K, reserved 1048576K

Card table byte_map: [0x0000000011c00000,0x0000000011e10000] byte_map_base: 0x0000000011600000

Marking Bits: (ParMarkBitMap*) 0x00000000709e4040
 Begin Bits: [0x0000000012630000, 0x0000000013630000)
 End Bits:   [0x0000000013630000, 0x0000000014630000)

Polling page: 0x0000000000340000

CodeCache: size=245760Kb used=8010Kb max_used=8010Kb free=237749Kb
 bounds [0x0000000002840000, 0x0000000003020000, 0x0000000011840000]
 total_blobs=2299 nmethods=2029 adapters=182
 compilation: enabled

Compilation events (10 events):
Event: 2.840 Thread 0x0000000056747800 2087       2       com.android.dx.cf.direct.AnnotationParser::<init> (69 bytes)
Event: 2.840 Thread 0x0000000056747800 nmethod 2087 0x0000000003015450 code [0x0000000003015600, 0x0000000003015b08]
Event: 2.876 Thread 0x0000000056747800 2089 %     3       java.util.HashMap$HashIterator::nextNode @ 68 (100 bytes)
Event: 2.876 Thread 0x0000000056747800 nmethod 2089% 0x0000000003015e50 code [0x0000000003016000, 0x0000000003016538]
Event: 2.939 Thread 0x0000000056747800 2092 %     3       java.util.HashMap::getNode @ 98 (148 bytes)
Event: 2.940 Thread 0x0000000056747800 nmethod 2092% 0x0000000003016790 code [0x0000000003016980, 0x0000000003017688]
Event: 2.944 Thread 0x0000000056747800 2093       3       java.util.HashMap::getNode (148 bytes)
Event: 2.945 Thread 0x0000000056747800 nmethod 2093 0x0000000003017b10 code [0x0000000003017d00, 0x0000000003018948]
Event: 2.947 Thread 0x0000000056747800 2094       2       com.android.dx.rop.code.SwitchInsn::accept (8 bytes)
Event: 2.947 Thread 0x0000000056747800 nmethod 2094 0x0000000003018dd0 code [0x0000000003018f40, 0x00000000030190c8]

GC Heap History (10 events):
Event: 0.626 GC heap before
{Heap before GC invocations=1 (full 0):
 PSYoungGen      total 38400K, used 33280K [0x00000000eab00000, 0x00000000ed580000, 0x0000000100000000)
  eden space 33280K, 100% used [0x00000000eab00000,0x00000000ecb80000,0x00000000ecb80000)
  from space 5120K, 0% used [0x00000000ed080000,0x00000000ed080000,0x00000000ed580000)
  to   space 5120K, 0% used [0x00000000ecb80000,0x00000000ecb80000,0x00000000ed080000)
 ParOldGen       total 87552K, used 0K [0x00000000c0000000, 0x00000000c5580000, 0x00000000eab00000)
  object space 87552K, 0% used [0x00000000c0000000,0x00000000c0000000,0x00000000c5580000)
 Metaspace       used 5835K, capacity 6768K, committed 7040K, reserved 1056768K
  class space    used 590K, capacity 616K, committed 640K, reserved 1048576K
Event: 0.634 GC heap after
Heap after GC invocations=1 (full 0):
 PSYoungGen      total 38400K, used 5091K [0x00000000eab00000, 0x00000000ef600000, 0x0000000100000000)
  eden space 33280K, 0% used [0x00000000eab00000,0x00000000eab00000,0x00000000ecb80000)
  from space 5120K, 99% used [0x00000000ecb80000,0x00000000ed078d20,0x00000000ed080000)
  to   space 5120K, 0% used [0x00000000ef100000,0x00000000ef100000,0x00000000ef600000)
 ParOldGen       total 87552K, used 39K [0x00000000c0000000, 0x00000000c5580000, 0x00000000eab00000)
  object space 87552K, 0% used [0x00000000c0000000,0x00000000c0009e60,0x00000000c5580000)
 Metaspace       used 5835K, capacity 6768K, committed 7040K, reserved 1056768K
  class space    used 590K, capacity 616K, committed 640K, reserved 1048576K
}
Event: 1.020 GC heap before
{Heap before GC invocations=2 (full 0):
 PSYoungGen      total 38400K, used 38371K [0x00000000eab00000, 0x00000000ef600000, 0x0000000100000000)
  eden space 33280K, 100% used [0x00000000eab00000,0x00000000ecb80000,0x00000000ecb80000)
  from space 5120K, 99% used [0x00000000ecb80000,0x00000000ed078d20,0x00000000ed080000)
  to   space 5120K, 0% used [0x00000000ef100000,0x00000000ef100000,0x00000000ef600000)
 ParOldGen       total 87552K, used 39K [0x00000000c0000000, 0x00000000c5580000, 0x00000000eab00000)
  object space 87552K, 0% used [0x00000000c0000000,0x00000000c0009e60,0x00000000c5580000)
 Metaspace       used 6115K, capacity 7024K, committed 7296K, reserved 1056768K
  class space    used 592K, capacity 616K, committed 640K, reserved 1048576K
Event: 1.034 GC heap after
Heap after GC invocations=2 (full 0):
 PSYoungGen      total 71680K, used 5095K [0x00000000eab00000, 0x00000000ef600000, 0x0000000100000000)
  eden space 66560K, 0% used [0x00000000eab00000,0x00000000eab00000,0x00000000eec00000)
  from space 5120K, 99% used [0x00000000ef100000,0x00000000ef5f9d10,0x00000000ef600000)
  to   space 5120K, 0% used [0x00000000eec00000,0x00000000eec00000,0x00000000ef100000)
 ParOldGen       total 87552K, used 2701K [0x00000000c0000000, 0x00000000c5580000, 0x00000000eab00000)
  object space 87552K, 3% used [0x00000000c0000000,0x00000000c02a34f0,0x00000000c5580000)
 Metaspace       used 6115K, capacity 7024K, committed 7296K, reserved 1056768K
  class space    used 592K, capacity 616K, committed 640K, reserved 1048576K
}
Event: 1.373 GC heap before
{Heap before GC invocations=3 (full 0):
 PSYoungGen      total 71680K, used 71655K [0x00000000eab00000, 0x00000000ef600000, 0x0000000100000000)
  eden space 66560K, 100% used [0x00000000eab00000,0x00000000eec00000,0x00000000eec00000)
  from space 5120K, 99% used [0x00000000ef100000,0x00000000ef5f9d10,0x00000000ef600000)
  to   space 5120K, 0% used [0x00000000eec00000,0x00000000eec00000,0x00000000ef100000)
 ParOldGen       total 87552K, used 2701K [0x00000000c0000000, 0x00000000c5580000, 0x00000000eab00000)
  object space 87552K, 3% used [0x00000000c0000000,0x00000000c02a34f0,0x00000000c5580000)
 Metaspace       used 6226K, capacity 7152K, committed 7296K, reserved 1056768K
  class space    used 593K, capacity 616K, committed 640K, reserved 1048576K
Event: 1.463 GC heap after
Heap after GC invocations=3 (full 0):
 PSYoungGen      total 71680K, used 5105K [0x00000000eab00000, 0x00000000f3700000, 0x0000000100000000)
  eden space 66560K, 0% used [0x00000000eab00000,0x00000000eab00000,0x00000000eec00000)
  from space 5120K, 99% used [0x00000000eec00000,0x00000000ef0fc5e8,0x00000000ef100000)
  to   space 5120K, 0% used [0x00000000f3200000,0x00000000f3200000,0x00000000f3700000)
 ParOldGen       total 87552K, used 12436K [0x00000000c0000000, 0x00000000c5580000, 0x00000000eab00000)
  object space 87552K, 14% used [0x00000000c0000000,0x00000000c0c252a0,0x00000000c5580000)
 Metaspace       used 6226K, capacity 7152K, committed 7296K, reserved 1056768K
  class space    used 593K, capacity 616K, committed 640K, reserved 1048576K
}
Event: 1.860 GC heap before
{Heap before GC invocations=4 (full 0):
 PSYoungGen      total 71680K, used 71665K [0x00000000eab00000, 0x00000000f3700000, 0x0000000100000000)
  eden space 66560K, 100% used [0x00000000eab00000,0x00000000eec00000,0x00000000eec00000)
  from space 5120K, 99% used [0x00000000eec00000,0x00000000ef0fc5e8,0x00000000ef100000)
  to   space 5120K, 0% used [0x00000000f3200000,0x00000000f3200000,0x00000000f3700000)
 ParOldGen       total 87552K, used 12436K [0x00000000c0000000, 0x00000000c5580000, 0x00000000eab00000)
  object space 87552K, 14% used [0x00000000c0000000,0x00000000c0c252a0,0x00000000c5580000)
 Metaspace       used 6297K, capacity 7152K, committed 7296K, reserved 1056768K
  class space    used 593K, capacity 616K, committed 640K, reserved 1048576K
Event: 1.894 GC heap after
Heap after GC invocations=4 (full 0):
 PSYoungGen      total 138240K, used 5102K [0x00000000eab00000, 0x00000000f3700000, 0x0000000100000000)
  eden space 133120K, 0% used [0x00000000eab00000,0x00000000eab00000,0x00000000f2d00000)
  from space 5120K, 99% used [0x00000000f3200000,0x00000000f36fbb18,0x00000000f3700000)
  to   space 5120K, 0% used [0x00000000f2d00000,0x00000000f2d00000,0x00000000f3200000)
 ParOldGen       total 87552K, used 22763K [0x00000000c0000000, 0x00000000c5580000, 0x00000000eab00000)
  object space 87552K, 25% used [0x00000000c0000000,0x00000000c163aca0,0x00000000c5580000)
 Metaspace       used 6297K, capacity 7152K, committed 7296K, reserved 1056768K
  class space    used 593K, capacity 616K, committed 640K, reserved 1048576K
}
Event: 2.654 GC heap before
{Heap before GC invocations=5 (full 0):
 PSYoungGen      total 138240K, used 138222K [0x00000000eab00000, 0x00000000f3700000, 0x0000000100000000)
  eden space 133120K, 100% used [0x00000000eab00000,0x00000000f2d00000,0x00000000f2d00000)
  from space 5120K, 99% used [0x00000000f3200000,0x00000000f36fbb18,0x00000000f3700000)
  to   space 5120K, 0% used [0x00000000f2d00000,0x00000000f2d00000,0x00000000f3200000)
 ParOldGen       total 87552K, used 22763K [0x00000000c0000000, 0x00000000c5580000, 0x00000000eab00000)
  object space 87552K, 25% used [0x00000000c0000000,0x00000000c163aca0,0x00000000c5580000)
 Metaspace       used 6462K, capacity 7256K, committed 7424K, reserved 1056768K
  class space    used 613K, capacity 656K, committed 768K, reserved 1048576K
Event: 2.741 GC heap after
Heap after GC invocations=5 (full 0):
 PSYoungGen      total 138240K, used 5110K [0x00000000eab00000, 0x00000000f3700000, 0x0000000100000000)
  eden space 133120K, 0% used [0x00000000eab00000,0x00000000eab00000,0x00000000f2d00000)
  from space 5120K, 99% used [0x00000000f2d00000,0x00000000f31fdb98,0x00000000f3200000)
  to   space 5120K, 0% used [0x00000000f3200000,0x00000000f3200000,0x00000000f3700000)
 ParOldGen       total 87552K, used 43358K [0x00000000c0000000, 0x00000000c5580000, 0x00000000eab00000)
  object space 87552K, 49% used [0x00000000c0000000,0x00000000c2a57ab0,0x00000000c5580000)
 Metaspace       used 6462K, capacity 7256K, committed 7424K, reserved 1056768K
  class space    used 613K, capacity 656K, committed 768K, reserved 1048576K
}

Deoptimization events (10 events):
Event: 1.572 Thread 0x0000000056a12000 Uncommon trap: reason=bimorphic action=maybe_recompile pc=0x0000000002ec726c method=com.android.dx.cf.code.BytecodeArray.parseInstruction(ILcom/android/dx/cf/code/BytecodeArray$Visitor;)I @ 1130
Event: 1.730 Thread 0x0000000056a0d000 Uncommon trap: reason=unstable_if action=reinterpret pc=0x0000000002e8f1dc method=com.android.dx.ssa.SCCP.simulateBranch(Lcom/android/dx/ssa/SsaInsn;)V @ 64
Event: 1.732 Thread 0x0000000056a0d000 Uncommon trap: reason=class_check action=maybe_recompile pc=0x0000000002d26b00 method=java.util.HashMap.putVal(ILjava/lang/Object;Ljava/lang/Object;ZZ)Ljava/lang/Object; @ 203
Event: 2.279 Thread 0x0000000056a67800 Uncommon trap: reason=class_check action=maybe_recompile pc=0x0000000002fab418 method=com.android.dx.cf.code.BytecodeArray.parseInstruction(ILcom/android/dx/cf/code/BytecodeArray$Visitor;)I @ 1417
Event: 2.287 Thread 0x0000000056a42800 Uncommon trap: reason=class_check action=maybe_recompile pc=0x0000000002fab418 method=com.android.dx.cf.code.BytecodeArray.parseInstruction(ILcom/android/dx/cf/code/BytecodeArray$Visitor;)I @ 1417
Event: 2.287 Thread 0x0000000056a42800 Uncommon trap: reason=class_check action=maybe_recompile pc=0x0000000002fab418 method=com.android.dx.cf.code.BytecodeArray.parseInstruction(ILcom/android/dx/cf/code/BytecodeArray$Visitor;)I @ 1417
Event: 2.296 Thread 0x0000000056a67800 Uncommon trap: reason=class_check action=maybe_recompile pc=0x0000000002fab418 method=com.android.dx.cf.code.BytecodeArray.parseInstruction(ILcom/android/dx/cf/code/BytecodeArray$Visitor;)I @ 1417
Event: 2.434 Thread 0x0000000056a67800 Uncommon trap: reason=unstable_if action=reinterpret pc=0x0000000002e14074 method=java.util.HashMap.putVal(ILjava/lang/Object;Ljava/lang/Object;ZZ)Ljava/lang/Object; @ 162
Event: 2.439 Thread 0x0000000056a67800 Uncommon trap: reason=unstable_if action=reinterpret pc=0x0000000002e76d70 method=java.util.HashMap.getNode(ILjava/lang/Object;)Ljava/util/HashMap$Node; @ 84
Event: 2.771 Thread 0x0000000056a0d000 Uncommon trap: reason=unstable_if action=reinterpret pc=0x0000000002f46344 method=java.util.HashMap.putVal(ILjava/lang/Object;Ljava/lang/Object;ZZ)Ljava/lang/Object; @ 109

Internal exceptions (6 events):
Event: 0.037 Thread 0x0000000001cee800 Exception <a 'java/lang/NoSuchMethodError': Method sun.misc.Unsafe.defineClass(Ljava/lang/String;[BII)Ljava/lang/Class; name or signature does not match> (0x00000000eab0dcf8) thrown at [C:\re\workspace\8-2-build-windows-amd64-cygwin\jdk8u45\3627\hotspot\srA±¹-£?
Event: 0.037 Thread 0x0000000001cee800 Exception <a 'java/lang/NoSuchMethodError': Method sun.misc.Unsafe.prefetchRead(Ljava/lang/Object;J)V name or signature does not match> (0x00000000eab0df88) thrown at [C:\re\workspace\8-2-build-windows-amd64-cygwin\jdk8u45\3627\hotspot\src\share\vm\prims\ja¿¡B-ê?
Event: 0.818 Thread 0x0000000056a42800 Implicit null exception at 0x0000000002b2f612 to 0x0000000002b2f711
Event: 2.435 Thread 0x0000000056a67800 Exception <a 'java/lang/ArrayIndexOutOfBoundsException': 18> (0x00000000ef427238) thrown at [C:\re\workspace\8-2-build-windows-amd64-cygwin\jdk8u45\3627\hotspot\src\share\vm\interpreter\interpreterRuntime.cpp, line 366]
Event: 2.437 Thread 0x0000000056a67800 Exception <a 'java/lang/ArrayIndexOutOfBoundsException': 145> (0x00000000ef428d08) thrown at [C:\re\workspace\8-2-build-windows-amd64-cygwin\jdk8u45\3627\hotspot\src\share\vm\interpreter\interpreterRuntime.cpp, line 366]
Event: 2.438 Thread 0x0000000056a67800 Exception <a 'java/lang/ArrayIndexOutOfBoundsException'> (0x00000000ef429f40) thrown at [C:\re\workspace\8-2-build-windows-amd64-cygwin\jdk8u45\3627\hotspot\src\share\vm\runtime\sharedRuntime.cpp, line 605]

Events (10 events):
Event: 2.439 Thread 0x0000000056a67800 Uncommon trap: trap_request=0xffffff65 fr.pc=0x0000000002e76d70
Event: 2.439 Thread 0x0000000056a67800 DEOPT PACKING pc=0x0000000002e76d70 sp=0x000000005814e370
Event: 2.439 Thread 0x0000000056a67800 DEOPT UNPACKING pc=0x000000000288582a sp=0x000000005814e290 mode 2
Event: 2.570 Thread 0x0000000056a12000 DEOPT PACKING pc=0x0000000002df206a sp=0x0000000057fde9f0
Event: 2.570 Thread 0x0000000056a12000 DEOPT UNPACKING pc=0x000000000288787f sp=0x0000000057fde770 mode 0
Event: 2.653 Executing VM operation: ParallelGCFailedAllocation
Event: 2.741 Executing VM operation: ParallelGCFailedAllocation done
Event: 2.771 Thread 0x0000000056a0d000 Uncommon trap: trap_request=0xffffff65 fr.pc=0x0000000002f46344
Event: 2.771 Thread 0x0000000056a0d000 DEOPT PACKING pc=0x0000000002f46344 sp=0x0000000057d5eb70
Event: 2.771 Thread 0x0000000056a0d000 DEOPT UNPACKING pc=0x000000000288582a sp=0x0000000057d5eb00 mode 2


Dynamic libraries:
0x000000013f0b0000 - 0x000000013f0e7000 	C:\Program Files\Java\jdk1.8.0_45\bin\java.exe
0x0000000077250000 - 0x00000000773fb000 	C:\windows\SYSTEM32\ntdll.dll
0x0000000077130000 - 0x000000007724f000 	C:\windows\system32\kernel32.dll
0x000007fefd190000 - 0x000007fefd1fa000 	C:\windows\system32\KERNELBASE.dll
0x000007fefdf50000 - 0x000007fefe02b000 	C:\windows\system32\ADVAPI32.dll
0x000007fefda00000 - 0x000007fefda9f000 	C:\windows\system32\msvcrt.dll
0x000007fefd390000 - 0x000007fefd3af000 	C:\windows\SYSTEM32\sechost.dll
0x000007fefde20000 - 0x000007fefdf4d000 	C:\windows\system32\RPCRT4.dll
0x0000000077030000 - 0x000000007712a000 	C:\windows\system32\USER32.dll
0x000007fefd700000 - 0x000007fefd767000 	C:\windows\system32\GDI32.dll
0x000007fefe420000 - 0x000007fefe42e000 	C:\windows\system32\LPK.dll
0x000007feff490000 - 0x000007feff55a000 	C:\windows\system32\USP10.dll
0x000007fefb7d0000 - 0x000007fefb9c4000 	C:\windows\WinSxS\amd64_microsoft.windows.common-controls_6595b64144ccf1df_6.0.7601.18837_none_fa3b1e3d17594757\COMCTL32.dll
0x000007fefdd90000 - 0x000007fefde01000 	C:\windows\system32\SHLWAPI.dll
0x000007fefd6b0000 - 0x000007fefd6de000 	C:\windows\system32\IMM32.DLL
0x000007fefdc80000 - 0x000007fefdd89000 	C:\windows\system32\MSCTF.dll
0x0000000074d50000 - 0x0000000074d66000 	C:\windows\system32\PGPmapih.dll
0x0000000079010000 - 0x00000000790e2000 	C:\Program Files\Java\jdk1.8.0_45\jre\bin\msvcr100.dll
0x00000000701e0000 - 0x0000000070a63000 	C:\Program Files\Java\jdk1.8.0_45\jre\bin\server\jvm.dll
0x000007fef5ba0000 - 0x000007fef5ba9000 	C:\windows\system32\WSOCK32.dll
0x000007fefd540000 - 0x000007fefd58d000 	C:\windows\system32\WS2_32.dll
0x000007fefde10000 - 0x000007fefde18000 	C:\windows\system32\NSI.dll
0x000007fefaeb0000 - 0x000007fefaeeb000 	C:\windows\system32\WINMM.dll
0x000007fefc270000 - 0x000007fefc27c000 	C:\windows\system32\VERSION.dll
0x0000000077410000 - 0x0000000077417000 	C:\windows\system32\PSAPI.DLL
0x0000000070a90000 - 0x0000000070a9f000 	C:\Program Files\Java\jdk1.8.0_45\jre\bin\verify.dll
0x000000006c970000 - 0x000000006c999000 	C:\Program Files\Java\jdk1.8.0_45\jre\bin\java.dll
0x0000000001cb0000 - 0x0000000001cc6000 	C:\Program Files\Java\jdk1.8.0_45\jre\bin\zip.dll
0x000007fefe700000 - 0x000007feff48a000 	C:\windows\system32\SHELL32.dll
0x000007fefe030000 - 0x000007fefe233000 	C:\windows\system32\ole32.dll
0x000007fefcfd0000 - 0x000007fefcfdf000 	C:\windows\system32\profapi.dll

VM Arguments:
jvm_args: -Djava.awt.headless=true -Xmx1024M -Dfile.encoding=windows-1252 -Duser.country=US -Duser.language=en -Duser.variant 
java_command: com.android.dx.command.Main --dex --force-jumbo --num-threads=4 --multi-dex --output C:\Users\tmalmstrom\AndroidStudioProjects\RocketLeagueBoostTimer\app\build\intermediates\transforms\dex\debug\folders\1000\10\com.android.support-support-v4-23.4.0_c86b1645b63a15df7f2c188797d4a4b9d5470241 C:\Users\tmalmstrom\AndroidStudioProjects\RocketLeagueBoostTimer\app\build\intermediates\exploded-aar\com.android.support\support-v4\23.4.0\jars\classes.jar
java_class_path (initial): C:\Users\tmalmstrom\AppData\Local\Android\sdk\build-tools\24.0.0\lib\dx.jar
Launcher Type: SUN_STANDARD

Environment Variables:
PATH=C:\ProgramData\Oracle\Java\javapath;C:\Program Files (x86)\Razer Chroma SDK\bin;C:\Program Files\Razer Chroma SDK\bin;C:\Program Files (x86)\Google\Chrome\Application;C:\Program Files (x86)\NVIDIA Corporation\PhysX\Common;C:\tools\ruby23\bin;C:\Program Files\Common Files\Microsoft Shared\Microsoft Online Services;C:\Program Files (x86)\Common Files\Microsoft Shared\Microsoft Online Services;C:\windows\system32;C:\windows;C:\windows\System32\Wbem;C:\windows\System32\WindowsPowerShell\v1.0\;C:\Program Files\Microsoft SQL Server\110\Tools\Binn\;C:\Program Files (x86)\Windows Kits\8.1\Windows Performance Toolkit\;C:\Program Files (x86)\Microsoft SDKs\TypeScript\1.0\;C:\Program Files\Microsoft SQL Server\Client SDK\ODBC\110\Tools\Binn\;C:\Program Files (x86)\Microsoft SQL Server\120\Tools\Binn\ManagementStudio\;C:\Program Files (x86)\Microsoft SQL Server\120\Tools\Binn\;C:\Program Files\Microsoft SQL Server\120\Tools\Binn\;C:\Program Files (x86)\Microsoft SQL Server\120\DTS\Binn\;C:\Program Files\Microsoft SQL Server\120\DTS\Binn\;C:\Program Files (x86)\Skype\Phone\;C:\ProgramData\chocolatey\bin;C:\Program Files\Git\cmd;C:\Program Files\nodejs\;C:\Program Files (x86)\PuTTY\;C:\Users\tmalmstrom\AppData\Local\atom\bin;C:\Users\tmalmstrom\AppData\Roaming\npm;C:\Program Files\Microsoft SQL Server\130\Tools\Binn\;C:\Program Files (x86)\Microsoft SQL Server\110\DTS\Binn\;C:\Program Files (x86)\Microsoft SQL Server\130\DTS\Binn\;C:\Program Files (x86)\Brackets\command;C:\Users\tmalmstrom\AppData\Local\atom\bin;C:\Users\tmalmstrom\AppData\Roaming\npm
USERNAME=tmalmstrom
OS=Windows_NT
PROCESSOR_IDENTIFIER=Intel64 Family 6 Model 42 Stepping 7, GenuineIntel



---------------  S Y S T E M  ---------------

OS: Windows 7 , 64 bit Build 7601 (6.1.7601.23455)

CPU:total 4 (2 cores per cpu, 2 threads per core) family 6 model 42 stepping 7, cmov, cx8, fxsr, mmx, sse, sse2, sse3, ssse3, sse4.1, sse4.2, popcnt, avx, aes, clmul, ht, tsc, tscinvbit

Memory: 4k page, physical 8344628k(1116164k free), swap 8342768k(5092k free)

vm_info: Java HotSpot(TM) 64-Bit Server VM (25.45-b02) for windows-amd64 JRE (1.8.0_45-b15), built on Apr 30 2015 12:40:44 by "java_re" with MS VC++ 10.0 (VS2010)

time: Tue Jul 05 22:29:24 2016
elapsed time: 2 seconds (0d 0h 0m 2s)

