#
# There is insufficient memory for the Java Runtime Environment to continue.
# Native memory allocation (malloc) failed to allocate 45136 bytes for Chunk::new
# Possible reasons:
#   The system is out of physical RAM or swap space
#   In 32 bit mode, the process size limit was hit
# Possible solutions:
#   Reduce memory load on the system
#   Increase physical memory or swap space
#   Check if swap backing store is full
#   Use 64 bit Java on a 64 bit OS
#   Decrease Java heap size (-Xmx/-Xms)
#   Decrease number of Java threads
#   Decrease Java thread stack sizes (-Xss)
#   Set larger code cache with -XX:ReservedCodeCacheSize=
# This output file may be truncated or incomplete.
#
#  Out of Memory Error (allocation.cpp:390), pid=6180, tid=2600
#
# JRE version: Java(TM) SE Runtime Environment (8.0_45-b15) (build 1.8.0_45-b15)
# Java VM: Java HotSpot(TM) 64-Bit Server VM (25.45-b02 mixed mode windows-amd64 compressed oops)
# Failed to write core dump. Minidumps are not enabled by default on client versions of Windows
#

---------------  T H R E A D  ---------------

Current thread (0x0000000054f71800):  JavaThread "C2 CompilerThread0" daemon [_thread_in_native, id=2600, stack(0x0000000056c70000,0x0000000056d70000)]

Stack: [0x0000000056c70000,0x0000000056d70000]
Native frames: (J=compiled Java code, j=interpreted, Vv=VM code, C=native code)
V  [jvm.dll+0x32b57a]


Current CompileTask:
C2:    754  697       4       java.util.HashSet::contains (9 bytes)


---------------  P R O C E S S  ---------------

Java Threads: ( => current thread )
  0x0000000056700000 JavaThread "pool-2-thread-4" [_thread_blocked, id=8972, stack(0x00000000579d0000,0x0000000057ad0000)]
  0x00000000566fc000 JavaThread "pool-2-thread-3" [_thread_blocked, id=8356, stack(0x0000000057860000,0x0000000057960000)]
  0x00000000566a2000 JavaThread "pool-2-thread-2" [_thread_in_Java, id=5356, stack(0x00000000575c0000,0x00000000576c0000)]
  0x00000000565b2000 JavaThread "pool-3-thread-1" [_thread_blocked, id=6988, stack(0x00000000573e0000,0x00000000574e0000)]
  0x00000000565af000 JavaThread "pool-2-thread-1" [_thread_blocked, id=9072, stack(0x0000000056f60000,0x0000000057060000)]
  0x000000005648e800 JavaThread "Service Thread" daemon [_thread_blocked, id=3148, stack(0x0000000057100000,0x0000000057200000)]
  0x0000000056486800 JavaThread "C1 CompilerThread2" daemon [_thread_in_native, id=6584, stack(0x0000000056e10000,0x0000000056f10000)]
  0x000000005643b000 JavaThread "C2 CompilerThread1" daemon [_thread_in_native, id=2864, stack(0x0000000056b40000,0x0000000056c40000)]
=>0x0000000054f71800 JavaThread "C2 CompilerThread0" daemon [_thread_in_native, id=2600, stack(0x0000000056c70000,0x0000000056d70000)]
  0x0000000054f70000 JavaThread "Attach Listener" daemon [_thread_blocked, id=8936, stack(0x0000000056880000,0x0000000056980000)]
  0x0000000054f6d000 JavaThread "Signal Dispatcher" daemon [_thread_blocked, id=1252, stack(0x00000000569f0000,0x0000000056af0000)]
  0x0000000054f18800 JavaThread "Finalizer" daemon [_thread_blocked, id=9156, stack(0x0000000056330000,0x0000000056430000)]
  0x0000000054f11800 JavaThread "Reference Handler" daemon [_thread_blocked, id=8496, stack(0x0000000056190000,0x0000000056290000)]
  0x000000000238e800 JavaThread "main" [_thread_in_native, id=3056, stack(0x00000000024e0000,0x00000000025e0000)]

Other Threads:
  0x0000000054f0c000 VMThread [stack: 0x0000000056040000,0x0000000056140000] [id=7016]
  0x0000000056493800 WatcherThread [stack: 0x0000000057270000,0x0000000057370000] [id=3936]

VM state:not at safepoint (normal execution)

VM Mutex/Monitor currently owned by a thread: None

Heap:
 PSYoungGen      total 38400K, used 15350K [0x00000000eab00000, 0x00000000ed580000, 0x0000000100000000)
  eden space 33280K, 46% used [0x00000000eab00000,0x00000000eb9fdbd8,0x00000000ecb80000)
  from space 5120K, 0% used [0x00000000ed080000,0x00000000ed080000,0x00000000ed580000)
  to   space 5120K, 0% used [0x00000000ecb80000,0x00000000ecb80000,0x00000000ed080000)
 ParOldGen       total 87552K, used 0K [0x00000000c0000000, 0x00000000c5580000, 0x00000000eab00000)
  object space 87552K, 0% used [0x00000000c0000000,0x00000000c0000000,0x00000000c5580000)
 Metaspace       used 5574K, capacity 6640K, committed 6784K, reserved 1056768K
  class space    used 579K, capacity 616K, committed 640K, reserved 1048576K

Card table byte_map: [0x0000000011c70000,0x0000000011e80000] byte_map_base: 0x0000000011670000

Marking Bits: (ParMarkBitMap*) 0x000000006ff84040
 Begin Bits: [0x0000000012380000, 0x0000000013380000)
 End Bits:   [0x0000000013380000, 0x0000000014380000)

Polling page: 0x0000000000240000

CodeCache: size=245760Kb used=2622Kb max_used=2633Kb free=243137Kb
 bounds [0x00000000028b0000, 0x0000000002b50000, 0x00000000118b0000]
 total_blobs=949 nmethods=681 adapters=181
 compilation: enabled

Compilation events (10 events):
Event: 0.701 Thread 0x0000000056486800  688       1       com.android.dx.rop.cst.CstInteger::getType (4 bytes)
Event: 0.701 Thread 0x0000000056486800 nmethod 688 0x0000000002b37b10 code [0x0000000002b37c60, 0x0000000002b37d70]
Event: 0.701 Thread 0x0000000056486800  691       3       com.android.dx.cf.code.LineNumberList::pcToLine (73 bytes)
Event: 0.701 Thread 0x0000000054f71800  694       4       com.android.dx.rop.code.RegisterSpec::equals (51 bytes)
Event: 0.701 Thread 0x0000000056486800 nmethod 691 0x0000000002b3f190 code [0x0000000002b3f320, 0x0000000002b3f9c8]
Event: 0.701 Thread 0x0000000056486800  693   !   3       com.android.dx.cf.code.RopperMachine::run (1550 bytes)
Event: 0.702 Thread 0x0000000054f71800 nmethod 694 0x0000000002b3d990 code [0x0000000002b3dae0, 0x0000000002b3dbb8]
Event: 0.703 Thread 0x0000000054f71800  695       4       com.android.dx.ssa.NormalSsaInsn::getSources (8 bytes)
Event: 0.703 Thread 0x0000000054f71800 nmethod 695 0x0000000002b0d050 code [0x0000000002b0d180, 0x0000000002b0d1f8]
Event: 0.703 Thread 0x0000000054f71800  697       4       java.util.HashSet::contains (9 bytes)

GC Heap History (0 events):
No events

Deoptimization events (1 events):
Event: 0.623 Thread 0x00000000565af000 Uncommon trap: reason=unstable_if action=reinterpret pc=0x0000000002a96ee8 method=java.util.HashMap.getNode(ILjava/lang/Object;)Ljava/util/HashMap$Node; @ 62

Internal exceptions (2 events):
Event: 0.049 Thread 0x000000000238e800 Exception <a 'java/lang/NoSuchMethodError': Method sun.misc.Unsafe.defineClass(Ljava/lang/String;[BII)Ljava/lang/Class; name or signature does not match> (0x00000000eab0d950) thrown at [C:\re\workspace\8-2-build-windows-amd64-cygwin\jdk8u45\3627\hotspot\sr/_вз0й?
Event: 0.049 Thread 0x000000000238e800 Exception <a 'java/lang/NoSuchMethodError': Method sun.misc.Unsafe.prefetchRead(Ljava/lang/Object;J)V name or signature does not match> (0x00000000eab0dbe0) thrown at [C:\re\workspace\8-2-build-windows-amd64-cygwin\jdk8u45\3627\hotspot\src\share\vm\prims\j

Events (10 events):
Event: 0.611 loading class com/android/dx/cf/code/SwitchList done
Event: 0.623 Thread 0x00000000565af000 Uncommon trap: trap_request=0xffffff65 fr.pc=0x0000000002a96ee8
Event: 0.623 Thread 0x00000000565af000 DEOPT PACKING pc=0x0000000002a96ee8 sp=0x000000005705e350
Event: 0.623 Thread 0x00000000565af000 DEOPT UNPACKING pc=0x00000000028f582a sp=0x000000005705e2c8 mode 2
Event: 0.630 loading class com/android/dx/ssa/back/FirstFitLocalCombiningAllocator$Multiset
Event: 0.630 loading class com/android/dx/ssa/back/FirstFitLocalCombiningAllocator$Multiset done
Event: 0.652 loading class java/util/DualPivotQuicksort
Event: 0.652 loading class java/util/DualPivotQuicksort done
Event: 0.704 loading class java/util/ArrayList$1
Event: 0.704 loading class java/util/ArrayList$1 done


Dynamic libraries:
0x000000013f900000 - 0x000000013f937000 	C:\Program Files\Java\jdk1.8.0_45\bin\java.exe
0x0000000077250000 - 0x00000000773fb000 	C:\windows\SYSTEM32\ntdll.dll
0x0000000077130000 - 0x000000007724f000 	C:\windows\system32\kernel32.dll
0x000007fefd190000 - 0x000007fefd1fa000 	C:\windows\system32\KERNELBASE.dll
0x000007fefdf50000 - 0x000007fefe02b000 	C:\windows\system32\ADVAPI32.dll
0x000007fefda00000 - 0x000007fefda9f000 	C:\windows\system32\msvcrt.dll
0x000007fefd390000 - 0x000007fefd3af000 	C:\windows\SYSTEM32\sechost.dll
0x000007fefde20000 - 0x000007fefdf4d000 	C:\windows\system32\RPCRT4.dll
0x0000000077030000 - 0x000000007712a000 	C:\windows\system32\USER32.dll
0x000007fefd700000 - 0x000007fefd767000 	C:\windows\system32\GDI32.dll
0x000007fefe420000 - 0x000007fefe42e000 	C:\windows\system32\LPK.dll
0x000007feff490000 - 0x000007feff55a000 	C:\windows\system32\USP10.dll
0x000007fefb7d0000 - 0x000007fefb9c4000 	C:\windows\WinSxS\amd64_microsoft.windows.common-controls_6595b64144ccf1df_6.0.7601.18837_none_fa3b1e3d17594757\COMCTL32.dll
0x000007fefdd90000 - 0x000007fefde01000 	C:\windows\system32\SHLWAPI.dll
0x000007fefd6b0000 - 0x000007fefd6de000 	C:\windows\system32\IMM32.DLL
0x000007fefdc80000 - 0x000007fefdd89000 	C:\windows\system32\MSCTF.dll
0x0000000074d50000 - 0x0000000074d66000 	C:\windows\system32\PGPmapih.dll
0x0000000079460000 - 0x0000000079532000 	C:\Program Files\Java\jdk1.8.0_45\jre\bin\msvcr100.dll
0x000000006f780000 - 0x0000000070003000 	C:\Program Files\Java\jdk1.8.0_45\jre\bin\server\jvm.dll
0x000007fef5ba0000 - 0x000007fef5ba9000 	C:\windows\system32\WSOCK32.dll
0x000007fefd540000 - 0x000007fefd58d000 	C:\windows\system32\WS2_32.dll
0x000007fefde10000 - 0x000007fefde18000 	C:\windows\system32\NSI.dll
0x000007fefaeb0000 - 0x000007fefaeeb000 	C:\windows\system32\WINMM.dll
0x000007fefc270000 - 0x000007fefc27c000 	C:\windows\system32\VERSION.dll
0x0000000077410000 - 0x0000000077417000 	C:\windows\system32\PSAPI.DLL
0x0000000070660000 - 0x000000007066f000 	C:\Program Files\Java\jdk1.8.0_45\jre\bin\verify.dll
0x000000006ce00000 - 0x000000006ce29000 	C:\Program Files\Java\jdk1.8.0_45\jre\bin\java.dll
0x0000000070940000 - 0x0000000070956000 	C:\Program Files\Java\jdk1.8.0_45\jre\bin\zip.dll
0x000007fefe700000 - 0x000007feff48a000 	C:\windows\system32\SHELL32.dll
0x000007fefe030000 - 0x000007fefe233000 	C:\windows\system32\ole32.dll
0x000007fefcfd0000 - 0x000007fefcfdf000 	C:\windows\system32\profapi.dll

VM Arguments:
jvm_args: -Djava.awt.headless=true -Xmx1024M -Dfile.encoding=windows-1252 -Duser.country=US -Duser.language=en -Duser.variant 
java_command: com.android.dx.command.Main --dex --force-jumbo --num-threads=4 --multi-dex --output C:\Users\tmalmstrom\AndroidStudioProjects\RocketLeagueBoostTimer\app\build\intermediates\transforms\dex\debug\folders\1000\5\slice_2 C:\Users\tmalmstrom\AndroidStudioProjects\RocketLeagueBoostTimer\app\build\intermediates\transforms\instantRunSlicer\debug\folders\1\5\slice_2
java_class_path (initial): C:\Users\tmalmstrom\AppData\Local\Android\sdk\build-tools\24.0.0\lib\dx.jar
Launcher Type: SUN_STANDARD

Environment Variables:
PATH=C:\ProgramData\Oracle\Java\javapath;C:\Program Files (x86)\Razer Chroma SDK\bin;C:\Program Files\Razer Chroma SDK\bin;C:\Program Files (x86)\Google\Chrome\Application;C:\Program Files (x86)\NVIDIA Corporation\PhysX\Common;C:\tools\ruby23\bin;C:\Program Files\Common Files\Microsoft Shared\Microsoft Online Services;C:\Program Files (x86)\Common Files\Microsoft Shared\Microsoft Online Services;C:\windows\system32;C:\windows;C:\windows\System32\Wbem;C:\windows\System32\WindowsPowerShell\v1.0\;C:\Program Files\Microsoft SQL Server\110\Tools\Binn\;C:\Program Files (x86)\Windows Kits\8.1\Windows Performance Toolkit\;C:\Program Files (x86)\Microsoft SDKs\TypeScript\1.0\;C:\Program Files\Microsoft SQL Server\Client SDK\ODBC\110\Tools\Binn\;C:\Program Files (x86)\Microsoft SQL Server\120\Tools\Binn\ManagementStudio\;C:\Program Files (x86)\Microsoft SQL Server\120\Tools\Binn\;C:\Program Files\Microsoft SQL Server\120\Tools\Binn\;C:\Program Files (x86)\Microsoft SQL Server\120\DTS\Binn\;C:\Program Files\Microsoft SQL Server\120\DTS\Binn\;C:\Program Files (x86)\Skype\Phone\;C:\ProgramData\chocolatey\bin;C:\Program Files\Git\cmd;C:\Program Files\nodejs\;C:\Program Files (x86)\PuTTY\;C:\Users\tmalmstrom\AppData\Local\atom\bin;C:\Users\tmalmstrom\AppData\Roaming\npm;C:\Program Files\Microsoft SQL Server\130\Tools\Binn\;C:\Program Files (x86)\Microsoft SQL Server\110\DTS\Binn\;C:\Program Files (x86)\Microsoft SQL Server\130\DTS\Binn\;C:\Program Files (x86)\Brackets\command;C:\Users\tmalmstrom\AppData\Local\atom\bin;C:\Users\tmalmstrom\AppData\Roaming\npm
USERNAME=tmalmstrom
OS=Windows_NT
PROCESSOR_IDENTIFIER=Intel64 Family 6 Model 42 Stepping 7, GenuineIntel



---------------  S Y S T E M  ---------------

OS: Windows 7 , 64 bit Build 7601 (6.1.7601.23455)

CPU:total 4 (2 cores per cpu, 2 threads per core) family 6 model 42 stepping 7, cmov, cx8, fxsr, mmx, sse, sse2, sse3, ssse3, sse4.1, sse4.2, popcnt, avx, aes, clmul, ht, tsc, tscinvbit

Memory: 4k page, physical 8344628k(1263928k free), swap 8342768k(4620k free)

vm_info: Java HotSpot(TM) 64-Bit Server VM (25.45-b02) for windows-amd64 JRE (1.8.0_45-b15), built on Apr 30 2015 12:40:44 by "java_re" with MS VC++ 10.0 (VS2010)

time: Tue Jul 05 21:21:01 2016
elapsed time: 0 seconds (0d 0h 0m 0s)

